build/app/intermediates/manifest_merge_blame_file/prodRelease/manifest-merger-blame-prod-release-report.txt
1<?xml version="1.0" encoding="utf-8"?>
2<manifest xmlns:android="http://schemas.android.com/apk/res/android"
3    package="it.www.circololavoratoriterni.cltplay"
4    android:versionCode="1"
5    android:versionName="1.0.0" >
6
7    <uses-sdk
8        android:minSdkVersion="21"
8-->src/main/AndroidManifest.xml
9        android:targetSdkVersion="31" />
9-->src/main/AndroidManifest.xml
10
11    <uses-permission android:name="android.permission.CAMERA" />
11-->src/main/AndroidManifest.xml:4:5-64
11-->src/main/AndroidManifest.xml:4:22-62
12    <uses-permission android:name="android.permission.READ_EXTERNAL_STORAGE" />
12-->src/main/AndroidManifest.xml:5:5-79
12-->src/main/AndroidManifest.xml:5:22-77
13
14    <uses-feature android:name="android.hardware.camera" />
14-->src/main/AndroidManifest.xml:6:5-59
14-->src/main/AndroidManifest.xml:6:19-57
15
16    <!-- Provide required visibility configuration for API level 30 and above -->
17    <queries>
17-->src/main/AndroidManifest.xml:9:5-18:15
18        <intent>
18-->src/main/AndroidManifest.xml:10:9-13:18
19            <action android:name="android.intent.action.VIEW" />
19-->src/main/AndroidManifest.xml:11:13-64
19-->src/main/AndroidManifest.xml:11:21-62
20
21            <data android:scheme="https" />
21-->src/main/AndroidManifest.xml:12:13-43
21-->src/main/AndroidManifest.xml:12:19-41
22        </intent>
23        <intent>
23-->src/main/AndroidManifest.xml:14:9-17:18
24            <action android:name="android.intent.action.DIAL" />
24-->src/main/AndroidManifest.xml:15:13-64
24-->src/main/AndroidManifest.xml:15:21-62
25
26            <data android:scheme="tel" />
26-->src/main/AndroidManifest.xml:12:13-43
26-->src/main/AndroidManifest.xml:12:19-41
27        </intent>
28    </queries>
29
30    <uses-permission android:name="android.permission.ACCESS_NETWORK_STATE" />
30-->[:firebase_analytics] AndroidManifest.xml:7:5-79
30-->[:firebase_analytics] AndroidManifest.xml:7:22-76
31    <uses-permission android:name="android.permission.INTERNET" />
31-->[:firebase_analytics] AndroidManifest.xml:8:5-67
31-->[:firebase_analytics] AndroidManifest.xml:8:22-64
32    <uses-permission android:name="android.permission.WAKE_LOCK" /> <!-- Required by older versions of Google Play services to create IID tokens -->
32-->[:firebase_analytics] AndroidManifest.xml:9:5-68
32-->[:firebase_analytics] AndroidManifest.xml:9:22-65
33    <uses-permission android:name="com.google.android.c2dm.permission.RECEIVE" />
33-->[com.google.firebase:firebase-iid:20.0.1] AndroidManifest.xml:26:5-82
33-->[com.google.firebase:firebase-iid:20.0.1] AndroidManifest.xml:26:22-79
34    <uses-permission android:name="com.google.android.gms.permission.AD_ID" />
34-->[com.google.android.gms:play-services-measurement-api:21.2.0] AndroidManifest.xml:25:5-79
34-->[com.google.android.gms:play-services-measurement-api:21.2.0] AndroidManifest.xml:25:22-76
35    <uses-permission android:name="com.google.android.finsky.permission.BIND_GET_INSTALL_REFERRER_SERVICE" />
35-->[com.google.android.gms:play-services-measurement:21.2.0] AndroidManifest.xml:26:5-110
35-->[com.google.android.gms:play-services-measurement:21.2.0] AndroidManifest.xml:26:22-107
36    <!--
37 io.flutter.app.FlutterApplication is an android.app.Application that
38         calls FlutterMain.startInitialization(this); in its onCreate method.
39         In most cases you can leave this as-is, but you if you want to provide
40         additional functionality it is fine to subclass or reimplement
41         FlutterApplication and put your custom class here.
42    -->
43    <application
44        android:name="android.app.Application"
44-->src/main/AndroidManifest.xml:26:13-46
45        android:appComponentFactory="androidx.core.app.CoreComponentFactory"
45-->[androidx.core:core:1.8.0] AndroidManifest.xml:24:18-86
46        android:icon="@mipmap/ic_launcher"
46-->src/main/AndroidManifest.xml:29:13-47
47        android:label="@string/app_name"
47-->src/main/AndroidManifest.xml:27:13-45
48        android:requestLegacyExternalStorage="true" >
48-->src/main/AndroidManifest.xml:28:13-56
49        <activity
49-->src/main/AndroidManifest.xml:30:9-53:20
50            android:name="it.www.circololavoratoriterni.cltplay.MainActivity"
50-->src/main/AndroidManifest.xml:31:17-45
51            android:configChanges="orientation|keyboardHidden|keyboard|screenSize|smallestScreenSize|locale|layoutDirection|fontScale|screenLayout|density|uiMode"
51-->src/main/AndroidManifest.xml:34:17-167
52            android:exported="true"
52-->src/main/AndroidManifest.xml:38:17-40
53            android:hardwareAccelerated="true"
53-->src/main/AndroidManifest.xml:35:17-51
54            android:launchMode="singleTop"
54-->src/main/AndroidManifest.xml:32:17-47
55            android:screenOrientation="portrait"
55-->src/main/AndroidManifest.xml:36:17-53
56            android:theme="@style/LaunchTheme"
56-->src/main/AndroidManifest.xml:33:17-51
57            android:windowSoftInputMode="adjustResize" >
57-->src/main/AndroidManifest.xml:37:17-59
58
59            <!--
60                 Specifies an Android theme to apply to this Activity as soon as
61                 the Android process has started. This theme is visible to the user
62                 while the Flutter UI initializes. After that, this theme continues
63                 to determine the Window background behind the Flutter UI.
64            -->
65            <meta-data
65-->src/main/AndroidManifest.xml:43:13-46:15
66                android:name="io.flutter.embedding.android.NormalTheme"
66-->src/main/AndroidManifest.xml:44:21-76
67                android:resource="@style/NormalTheme" />
67-->src/main/AndroidManifest.xml:45:21-58
68
69            <intent-filter>
69-->src/main/AndroidManifest.xml:48:13-51:29
70                <action android:name="android.intent.action.MAIN" />
70-->src/main/AndroidManifest.xml:49:17-68
70-->src/main/AndroidManifest.xml:49:25-66
71
72                <category android:name="android.intent.category.LAUNCHER" />
72-->src/main/AndroidManifest.xml:50:17-76
72-->src/main/AndroidManifest.xml:50:27-74
73            </intent-filter>
74        </activity>
75
76        <meta-data
76-->src/main/AndroidManifest.xml:55:9-57:58
77            android:name="com.google.firebase.messaging.default_notification_channel_id"
77-->src/main/AndroidManifest.xml:56:17-93
78            android:value="high_importance_channel" />
78-->src/main/AndroidManifest.xml:57:17-56
79
80        <!--
81             Don't delete the meta-data below.
82             This is used by the Flutter tool to generate GeneratedPluginRegistrant.java
83        -->
84        <meta-data
84-->src/main/AndroidManifest.xml:62:9-64:36
85            android:name="flutterEmbedding"
85-->src/main/AndroidManifest.xml:63:17-48
86            android:value="2" />
86-->src/main/AndroidManifest.xml:64:17-34
87
88        <service
88-->[:firebase_app_check] AndroidManifest.xml:8:9-12:19
89            android:name="com.google.firebase.components.ComponentDiscoveryService"
89-->[:firebase_app_check] AndroidManifest.xml:8:18-89
90            android:directBootAware="true"
90-->[com.google.firebase:firebase-common:20.2.0] AndroidManifest.xml:34:13-43
91            android:exported="false" >
91-->[com.google.firebase:firebase-appcheck-safetynet:16.1.0] AndroidManifest.xml:26:13-37
92            <meta-data
92-->[:firebase_app_check] AndroidManifest.xml:9:13-11:85
93                android:name="com.google.firebase.components:io.flutter.plugins.firebase.appcheck.FlutterFirebaseAppRegistrar"
93-->[:firebase_app_check] AndroidManifest.xml:10:17-127
94                android:value="com.google.firebase.components.ComponentRegistrar" />
94-->[:firebase_app_check] AndroidManifest.xml:11:17-82
95            <meta-data
95-->[:cloud_firestore] AndroidManifest.xml:9:13-11:85
96                android:name="com.google.firebase.components:io.flutter.plugins.firebase.firestore.FlutterFirebaseFirestoreRegistrar"
96-->[:cloud_firestore] AndroidManifest.xml:10:17-134
97                android:value="com.google.firebase.components.ComponentRegistrar" />
97-->[:cloud_firestore] AndroidManifest.xml:11:17-82
98            <meta-data
98-->[:cloud_functions] AndroidManifest.xml:9:13-11:85
99                android:name="com.google.firebase.components:io.flutter.plugins.firebase.functions.FlutterFirebaseAppRegistrar"
99-->[:cloud_functions] AndroidManifest.xml:10:17-128
100                android:value="com.google.firebase.components.ComponentRegistrar" />
100-->[:cloud_functions] AndroidManifest.xml:11:17-82
101            <meta-data
101-->[:firebase_analytics] AndroidManifest.xml:13:13-15:85
102                android:name="com.google.firebase.components:io.flutter.plugins.firebase.analytics.FlutterFirebaseAppRegistrar"
102-->[:firebase_analytics] AndroidManifest.xml:14:17-128
103                android:value="com.google.firebase.components.ComponentRegistrar" />
103-->[:firebase_analytics] AndroidManifest.xml:15:17-82
104            <meta-data
104-->[:firebase_auth] AndroidManifest.xml:9:13-11:85
105                android:name="com.google.firebase.components:io.flutter.plugins.firebase.auth.FlutterFirebaseAuthRegistrar"
105-->[:firebase_auth] AndroidManifest.xml:10:17-124
106                android:value="com.google.firebase.components.ComponentRegistrar" />
106-->[:firebase_auth] AndroidManifest.xml:11:17-82
107            <meta-data
107-->[:firebase_storage] AndroidManifest.xml:9:13-11:85
108                android:name="com.google.firebase.components:io.flutter.plugins.firebase.storage.FlutterFirebaseAppRegistrar"
108-->[:firebase_storage] AndroidManifest.xml:10:17-126
109                android:value="com.google.firebase.components.ComponentRegistrar" />
109-->[:firebase_storage] AndroidManifest.xml:11:17-82
110            <meta-data
110-->[:firebase_core] AndroidManifest.xml:9:13-11:85
111                android:name="com.google.firebase.components:io.flutter.plugins.firebase.core.FlutterFirebaseCoreRegistrar"
111-->[:firebase_core] AndroidManifest.xml:10:17-124
112                android:value="com.google.firebase.components.ComponentRegistrar" />
112-->[:firebase_core] AndroidManifest.xml:11:17-82
113            <meta-data
113-->[com.google.firebase:firebase-appcheck-safetynet:16.1.0] AndroidManifest.xml:27:13-29:85
114                android:name="com.google.firebase.components:com.google.firebase.appcheck.safetynet.FirebaseAppCheckSafetyNetRegistrar"
114-->[com.google.firebase:firebase-appcheck-safetynet:16.1.0] AndroidManifest.xml:28:17-136
115                android:value="com.google.firebase.components.ComponentRegistrar" />
115-->[com.google.firebase:firebase-appcheck-safetynet:16.1.0] AndroidManifest.xml:29:17-82
116            <meta-data
116-->[com.google.firebase:firebase-appcheck-debug:16.1.0] AndroidManifest.xml:27:13-29:85
117                android:name="com.google.firebase.components:com.google.firebase.appcheck.debug.FirebaseAppCheckDebugRegistrar"
117-->[com.google.firebase:firebase-appcheck-debug:16.1.0] AndroidManifest.xml:28:17-128
118                android:value="com.google.firebase.components.ComponentRegistrar" />
118-->[com.google.firebase:firebase-appcheck-debug:16.1.0] AndroidManifest.xml:29:17-82
119            <meta-data
119-->[com.google.firebase:firebase-functions:20.2.0] AndroidManifest.xml:17:13-19:85
120                android:name="com.google.firebase.components:com.google.firebase.functions.FunctionsRegistrar"
120-->[com.google.firebase:firebase-functions:20.2.0] AndroidManifest.xml:18:17-111
121                android:value="com.google.firebase.components.ComponentRegistrar" />
121-->[com.google.firebase:firebase-functions:20.2.0] AndroidManifest.xml:19:17-82
122            <meta-data
122-->[com.google.firebase:firebase-auth:21.1.0] AndroidManifest.xml:67:13-69:85
123                android:name="com.google.firebase.components:com.google.firebase.auth.FirebaseAuthRegistrar"
123-->[com.google.firebase:firebase-auth:21.1.0] AndroidManifest.xml:68:17-109
124                android:value="com.google.firebase.components.ComponentRegistrar" />
124-->[com.google.firebase:firebase-auth:21.1.0] AndroidManifest.xml:69:17-82
125            <meta-data
125-->[com.google.firebase:firebase-firestore:24.4.0] AndroidManifest.xml:19:13-21:85
126                android:name="com.google.firebase.components:com.google.firebase.firestore.FirestoreRegistrar"
126-->[com.google.firebase:firebase-firestore:24.4.0] AndroidManifest.xml:20:17-111
127                android:value="com.google.firebase.components.ComponentRegistrar" />
127-->[com.google.firebase:firebase-firestore:24.4.0] AndroidManifest.xml:21:17-82
128            <meta-data
128-->[com.google.firebase:firebase-appcheck-playintegrity:16.1.0] AndroidManifest.xml:27:13-29:85
129                android:name="com.google.firebase.components:com.google.firebase.appcheck.playintegrity.FirebaseAppCheckPlayIntegrityRegistrar"
129-->[com.google.firebase:firebase-appcheck-playintegrity:16.1.0] AndroidManifest.xml:28:17-144
130                android:value="com.google.firebase.components.ComponentRegistrar" />
130-->[com.google.firebase:firebase-appcheck-playintegrity:16.1.0] AndroidManifest.xml:29:17-82
131            <meta-data
131-->[com.google.firebase:firebase-storage:20.1.0] AndroidManifest.xml:32:13-34:85
132                android:name="com.google.firebase.components:com.google.firebase.storage.StorageRegistrar"
132-->[com.google.firebase:firebase-storage:20.1.0] AndroidManifest.xml:33:17-107
133                android:value="com.google.firebase.components.ComponentRegistrar" />
133-->[com.google.firebase:firebase-storage:20.1.0] AndroidManifest.xml:34:17-82
134            <meta-data
134-->[com.google.firebase:firebase-appcheck:16.1.0] AndroidManifest.xml:27:13-29:85
135                android:name="com.google.firebase.components:com.google.firebase.appcheck.FirebaseAppCheckRegistrar"
135-->[com.google.firebase:firebase-appcheck:16.1.0] AndroidManifest.xml:28:17-117
136                android:value="com.google.firebase.components.ComponentRegistrar" />
136-->[com.google.firebase:firebase-appcheck:16.1.0] AndroidManifest.xml:29:17-82
137            <meta-data
137-->[com.google.firebase:firebase-iid:20.0.1] AndroidManifest.xml:32:13-34:85
138                android:name="com.google.firebase.components:com.google.firebase.iid.Registrar"
138-->[com.google.firebase:firebase-iid:20.0.1] AndroidManifest.xml:33:17-96
139                android:value="com.google.firebase.components.ComponentRegistrar" />
139-->[com.google.firebase:firebase-iid:20.0.1] AndroidManifest.xml:34:17-82
140            <meta-data
140-->[com.google.android.gms:play-services-measurement-api:21.2.0] AndroidManifest.xml:31:13-33:85
141                android:name="com.google.firebase.components:com.google.firebase.analytics.connector.internal.AnalyticsConnectorRegistrar"
141-->[com.google.android.gms:play-services-measurement-api:21.2.0] AndroidManifest.xml:32:17-139
142                android:value="com.google.firebase.components.ComponentRegistrar" />
142-->[com.google.android.gms:play-services-measurement-api:21.2.0] AndroidManifest.xml:33:17-82
143            <meta-data
143-->[com.google.firebase:firebase-installations:17.1.0] AndroidManifest.xml:17:13-19:85
144                android:name="com.google.firebase.components:com.google.firebase.installations.FirebaseInstallationsRegistrar"
144-->[com.google.firebase:firebase-installations:17.1.0] AndroidManifest.xml:18:17-127
145                android:value="com.google.firebase.components.ComponentRegistrar" />
145-->[com.google.firebase:firebase-installations:17.1.0] AndroidManifest.xml:19:17-82
146        </service>
147
148        <provider
148-->[:image_picker_android] AndroidManifest.xml:8:9-16:20
149            android:name="io.flutter.plugins.imagepicker.ImagePickerFileProvider"
149-->[:image_picker_android] AndroidManifest.xml:9:13-82
150            android:authorities="it.www.circololavoratoriterni.cltplay.flutter.image_provider"
150-->[:image_picker_android] AndroidManifest.xml:10:13-74
151            android:exported="false"
151-->[:image_picker_android] AndroidManifest.xml:11:13-37
152            android:grantUriPermissions="true" >
152-->[:image_picker_android] AndroidManifest.xml:12:13-47
153            <meta-data
153-->[:image_picker_android] AndroidManifest.xml:13:13-15:75
154                android:name="android.support.FILE_PROVIDER_PATHS"
154-->[:image_picker_android] AndroidManifest.xml:14:17-67
155                android:resource="@xml/flutter_image_picker_file_paths" />
155-->[:image_picker_android] AndroidManifest.xml:15:17-72
156        </provider>
157
158        <activity
158-->[:url_launcher_android] AndroidManifest.xml:8:9-11:74
159            android:name="io.flutter.plugins.urllauncher.WebViewActivity"
159-->[:url_launcher_android] AndroidManifest.xml:9:13-74
160            android:exported="false"
160-->[:url_launcher_android] AndroidManifest.xml:10:13-37
161            android:theme="@android:style/Theme.NoTitleBar.Fullscreen" />
161-->[:url_launcher_android] AndroidManifest.xml:11:13-71
162
163        <uses-library
163-->[androidx.window:window:1.0.0-beta04] AndroidManifest.xml:25:9-27:40
164            android:name="androidx.window.extensions"
164-->[androidx.window:window:1.0.0-beta04] AndroidManifest.xml:26:13-54
165            android:required="false" />
165-->[androidx.window:window:1.0.0-beta04] AndroidManifest.xml:27:13-37
166        <uses-library
166-->[androidx.window:window:1.0.0-beta04] AndroidManifest.xml:28:9-30:40
167            android:name="androidx.window.sidecar"
167-->[androidx.window:window:1.0.0-beta04] AndroidManifest.xml:29:13-51
168            android:required="false" />
168-->[androidx.window:window:1.0.0-beta04] AndroidManifest.xml:30:13-37
169
170        <activity
170-->[com.google.firebase:firebase-auth:21.1.0] AndroidManifest.xml:27:9-44:20
171            android:name="com.google.firebase.auth.internal.GenericIdpActivity"
171-->[com.google.firebase:firebase-auth:21.1.0] AndroidManifest.xml:28:13-80
172            android:excludeFromRecents="true"
172-->[com.google.firebase:firebase-auth:21.1.0] AndroidManifest.xml:29:13-46
173            android:exported="true"
173-->[com.google.firebase:firebase-auth:21.1.0] AndroidManifest.xml:30:13-36
174            android:launchMode="singleTask"
174-->[com.google.firebase:firebase-auth:21.1.0] AndroidManifest.xml:31:13-44
175            android:theme="@android:style/Theme.Translucent.NoTitleBar" >
175-->[com.google.firebase:firebase-auth:21.1.0] AndroidManifest.xml:32:13-72
176            <intent-filter>
176-->[com.google.firebase:firebase-auth:21.1.0] AndroidManifest.xml:33:13-43:29
177                <action android:name="android.intent.action.VIEW" />
177-->src/main/AndroidManifest.xml:11:13-64
177-->src/main/AndroidManifest.xml:11:21-62
178
179                <category android:name="android.intent.category.DEFAULT" />
179-->[com.google.firebase:firebase-auth:21.1.0] AndroidManifest.xml:36:17-76
179-->[com.google.firebase:firebase-auth:21.1.0] AndroidManifest.xml:36:27-73
180                <category android:name="android.intent.category.BROWSABLE" />
180-->[com.google.firebase:firebase-auth:21.1.0] AndroidManifest.xml:37:17-78
180-->[com.google.firebase:firebase-auth:21.1.0] AndroidManifest.xml:37:27-75
181
182                <data
182-->src/main/AndroidManifest.xml:12:13-43
183                    android:host="firebase.auth"
184                    android:path="/"
185                    android:scheme="genericidp" />
185-->src/main/AndroidManifest.xml:12:19-41
186            </intent-filter>
187        </activity>
188        <activity
188-->[com.google.firebase:firebase-auth:21.1.0] AndroidManifest.xml:45:9-62:20
189            android:name="com.google.firebase.auth.internal.RecaptchaActivity"
189-->[com.google.firebase:firebase-auth:21.1.0] AndroidManifest.xml:46:13-79
190            android:excludeFromRecents="true"
190-->[com.google.firebase:firebase-auth:21.1.0] AndroidManifest.xml:47:13-46
191            android:exported="true"
191-->[com.google.firebase:firebase-auth:21.1.0] AndroidManifest.xml:48:13-36
192            android:launchMode="singleTask"
192-->[com.google.firebase:firebase-auth:21.1.0] AndroidManifest.xml:49:13-44
193            android:theme="@android:style/Theme.Translucent.NoTitleBar" >
193-->[com.google.firebase:firebase-auth:21.1.0] AndroidManifest.xml:50:13-72
194            <intent-filter>
194-->[com.google.firebase:firebase-auth:21.1.0] AndroidManifest.xml:51:13-61:29
195                <action android:name="android.intent.action.VIEW" />
195-->src/main/AndroidManifest.xml:11:13-64
195-->src/main/AndroidManifest.xml:11:21-62
196
197                <category android:name="android.intent.category.DEFAULT" />
197-->[com.google.firebase:firebase-auth:21.1.0] AndroidManifest.xml:36:17-76
197-->[com.google.firebase:firebase-auth:21.1.0] AndroidManifest.xml:36:27-73
198                <category android:name="android.intent.category.BROWSABLE" />
198-->[com.google.firebase:firebase-auth:21.1.0] AndroidManifest.xml:37:17-78
198-->[com.google.firebase:firebase-auth:21.1.0] AndroidManifest.xml:37:27-75
199
200                <data
200-->src/main/AndroidManifest.xml:12:13-43
201                    android:host="firebase.auth"
202                    android:path="/"
203                    android:scheme="recaptcha" />
203-->src/main/AndroidManifest.xml:12:19-41
204            </intent-filter>
205        </activity>
206
207        <receiver
207-->[com.google.firebase:firebase-iid:20.0.1] AndroidManifest.xml:37:9-44:20
208            android:name="com.google.firebase.iid.FirebaseInstanceIdReceiver"
208-->[com.google.firebase:firebase-iid:20.0.1] AndroidManifest.xml:38:13-78
209            android:exported="true"
209-->[com.google.firebase:firebase-iid:20.0.1] AndroidManifest.xml:39:13-36
210            android:permission="com.google.android.c2dm.permission.SEND" >
210-->[com.google.firebase:firebase-iid:20.0.1] AndroidManifest.xml:40:13-73
211            <intent-filter>
211-->[com.google.firebase:firebase-iid:20.0.1] AndroidManifest.xml:41:13-43:29
212                <action android:name="com.google.android.c2dm.intent.RECEIVE" />
212-->[com.google.firebase:firebase-iid:20.0.1] AndroidManifest.xml:42:17-81
212-->[com.google.firebase:firebase-iid:20.0.1] AndroidManifest.xml:42:25-78
213            </intent-filter>
214        </receiver>
215
216        <provider
216-->[com.google.firebase:firebase-common:20.2.0] AndroidManifest.xml:25:9-30:39
217            android:name="com.google.firebase.provider.FirebaseInitProvider"
217-->[com.google.firebase:firebase-common:20.2.0] AndroidManifest.xml:26:13-77
218            android:authorities="it.www.circololavoratoriterni.cltplay.firebaseinitprovider"
218-->[com.google.firebase:firebase-common:20.2.0] AndroidManifest.xml:27:13-72
219            android:directBootAware="true"
219-->[com.google.firebase:firebase-common:20.2.0] AndroidManifest.xml:28:13-43
220            android:exported="false"
220-->[com.google.firebase:firebase-common:20.2.0] AndroidManifest.xml:29:13-37
221            android:initOrder="100" />
221-->[com.google.firebase:firebase-common:20.2.0] AndroidManifest.xml:30:13-36
222
223        <activity
223-->[com.google.android.gms:play-services-base:18.0.1] AndroidManifest.xml:20:9-22:45
224            android:name="com.google.android.gms.common.api.GoogleApiActivity"
224-->[com.google.android.gms:play-services-base:18.0.1] AndroidManifest.xml:20:19-85
225            android:exported="false"
225-->[com.google.android.gms:play-services-base:18.0.1] AndroidManifest.xml:22:19-43
226            android:theme="@android:style/Theme.Translucent.NoTitleBar" />
226-->[com.google.android.gms:play-services-base:18.0.1] AndroidManifest.xml:21:19-78
227
228        <receiver
228-->[com.google.android.gms:play-services-measurement:21.2.0] AndroidManifest.xml:29:9-33:20
229            android:name="com.google.android.gms.measurement.AppMeasurementReceiver"
229-->[com.google.android.gms:play-services-measurement:21.2.0] AndroidManifest.xml:30:13-85
230            android:enabled="true"
230-->[com.google.android.gms:play-services-measurement:21.2.0] AndroidManifest.xml:31:13-35
231            android:exported="false" >
231-->[com.google.android.gms:play-services-measurement:21.2.0] AndroidManifest.xml:32:13-37
232        </receiver>
233
234        <service
234-->[com.google.android.gms:play-services-measurement:21.2.0] AndroidManifest.xml:35:9-38:40
235            android:name="com.google.android.gms.measurement.AppMeasurementService"
235-->[com.google.android.gms:play-services-measurement:21.2.0] AndroidManifest.xml:36:13-84
236            android:enabled="true"
236-->[com.google.android.gms:play-services-measurement:21.2.0] AndroidManifest.xml:37:13-35
237            android:exported="false" />
237-->[com.google.android.gms:play-services-measurement:21.2.0] AndroidManifest.xml:38:13-37
238        <service
238-->[com.google.android.gms:play-services-measurement:21.2.0] AndroidManifest.xml:39:9-43:72
239            android:name="com.google.android.gms.measurement.AppMeasurementJobService"
239-->[com.google.android.gms:play-services-measurement:21.2.0] AndroidManifest.xml:40:13-87
240            android:enabled="true"
240-->[com.google.android.gms:play-services-measurement:21.2.0] AndroidManifest.xml:41:13-35
241            android:exported="false"
241-->[com.google.android.gms:play-services-measurement:21.2.0] AndroidManifest.xml:42:13-37
242            android:permission="android.permission.BIND_JOB_SERVICE" />
242-->[com.google.android.gms:play-services-measurement:21.2.0] AndroidManifest.xml:43:13-69
243
244        <meta-data
244-->[com.google.android.gms:play-services-basement:18.1.0] AndroidManifest.xml:21:9-23:69
245            android:name="com.google.android.gms.version"
245-->[com.google.android.gms:play-services-basement:18.1.0] AndroidManifest.xml:22:13-58
246            android:value="@integer/google_play_services_version" />
246-->[com.google.android.gms:play-services-basement:18.1.0] AndroidManifest.xml:23:13-66
247    </application>
248
249</manifest>